[2024-11-16T19:50:03.255977100] Exception in method AuthServiceImpl.register(..) with parameters [UserRegisterRequestDto(name=Dima, email=0@gmail.com, password=12345678), ]: User with given email is already registered
[2024-11-16T19:54:22.259508300] Exception in method AuthServiceImpl.login(..) with parameters [UserLoginRequestDto(email=0@gmail.com, password=142414141), ]: Invalid username or password
[2024-11-16T20:19:32.479964300] Exception in method UserServiceImpl.loadUserByUsername(..) with parameters [, ]: 
[2024-11-16T20:19:34.002828400] Exception in method UserServiceImpl.loadUserByUsername(..) with parameters [, ]: 
[2024-11-16T20:19:38.310305600] Exception in method UserServiceImpl.loadUserByUsername(..) with parameters [, ]: 
[2024-11-16T20:19:39.675458900] Exception in method UserServiceImpl.loadUserByUsername(..) with parameters [, ]: 
[2024-11-16T20:20:40.228259200] Exception in method UserServiceImpl.loadUserByUsername(..) with parameters [, ]: 
[2024-11-16T20:20:41.556055600] Exception in method UserServiceImpl.loadUserByUsername(..) with parameters [, ]: 
[2024-11-16T20:21:55.993381100] Exception in method UserServiceImpl.loadUserByUsername(..) with parameters [, ]: 
[2024-11-16T20:21:57.377291300] Exception in method UserServiceImpl.loadUserByUsername(..) with parameters [, ]: 
[2024-11-16T20:22:55.151569400] Exception in method UserServiceImpl.loadUserByUsername(..) with parameters [, ]: 
[2024-11-16T20:22:56.518670900] Exception in method UserServiceImpl.loadUserByUsername(..) with parameters [, ]: 
[2024-11-20T23:32:59.449166300] Exception in method AuthServiceImpl.register(..) with parameters [UserRegisterRequestDto(name=Admin, email={ADMIN_EMAIL}, password={ADMIN_PASSWORD}), ]: Validation failed for classes [org.ukma.spring.crooodle.entities.UserEntity] during persist time for groups [jakarta.validation.groups.Default, ]
List of constraint violations:[
	ConstraintViolationImpl{interpolatedMessage='must be a well-formed email address', propertyPath=email, rootBeanClass=class org.ukma.spring.crooodle.entities.UserEntity, messageTemplate='{jakarta.validation.constraints.Email.message}'}
]
[2024-11-20T23:37:12.177529900] Exception in method AuthServiceImpl.register(..) with parameters [UserRegisterRequestDto(name=Admin, email=admin@gmail.com, password=adminadmin), ]: User with given email is already registered
[2024-11-20T23:39:39.800379900] Exception in method AuthServiceImpl.register(..) with parameters [UserRegisterRequestDto(name=Admin, email=admin@gmail.com, password=adminadmin), ]: User with given email is already registered
[2024-11-20T23:40:18.494004800] Exception in method AuthServiceImpl.register(..) with parameters [UserRegisterRequestDto(name=Admin, email=admin@gmail.com, password=adminadmin), ]: User with given email is already registered
[2024-11-20T23:40:59.616253500] Exception in method JwtServiceImpl.extractUserName(..) with parameters [Bearer eyJhbGciOiJIUzI1NiJ9.eyJzdWIiOiJhZG1pbkBnbWFpbC5jb20iLCJpYXQiOjE3MzIxMzg2NjcsImV4cCI6MTczMjE0MjI2N30.5KCPrf_3MoKhJBvl2uCKeX48w6QeuturkgrO2KTLqMo, ]: Illegal base64url character: ' '
[2024-11-20T23:56:33.181605300] Exception in method UserPermissionSeederImpl.seed() with parameters []: could not execute statement [Value not permitted for column "('HOTEL_CREATE', 'HOTEL_DELETE', 'HOTEL_EDIT', 'HOTEL_VIEW', 'HOTEL_VIEW_PUBLIC')": "COUNTRY_CREATE"; SQL statement:
insert into permissions (name,id) values (?,default) [22030-224]] [insert into permissions (name,id) values (?,default)]; SQL [insert into permissions (name,id) values (?,default)]
[2024-11-20T23:59:10.433602600] Exception in method UserServiceImpl.addPermission(..) with parameters [admin@gmail.com, COUNTRY_CREATE, ]: failed to lazily initialize a collection of role: org.ukma.spring.crooodle.entities.UserPermissionEntity.users: could not initialize proxy - no Session
[2024-11-21T00:03:14.668138700] Exception in method AuthServiceImpl.register(..) with parameters [UserRegisterRequestDto(name=Admin, email=admin@gmail.com, password=adminadmin), ]: User with given email is already registered
[2024-11-21T00:03:14.698138600] Exception in method UserServiceImpl.addPermission(..) with parameters [admin@gmail.com, COUNTRY_CREATE, ]: Query did not return a unique result: 2 results were returned
[2024-11-21T00:04:18.276032200] Exception in method UserServiceImpl.addPermission(..) with parameters [admin@gmail.com, COUNTRY_CREATE, ]: failed to lazily initialize a collection of role: org.ukma.spring.crooodle.entities.UserPermissionEntity.users: could not initialize proxy - no Session
[2024-11-21T00:04:32.416910800] Exception in method UserPermissionSeederImpl.seed() with parameters []: could not execute statement [Unique index or primary key violation: "PUBLIC.UKPNVTWLIIS6P05PN6I3NDJRQT2_INDEX_C ON PUBLIC.PERMISSIONS(NAME NULLS FIRST) VALUES ( /* 1 */ CAST('COUNTRY_CREATE' AS ENUM('CITY_CREATE', 'CITY_DELETE', 'CITY_EDIT', 'CITY_VIEW', 'CITY_VIEW_PUBLIC', 'COUNTRY_CREATE', 'COUNTRY_DELETE', 'COUNTRY_EDIT', 'COUNTRY_VIEW', 'HOTEL_CREATE', 'HOTEL_DELETE', 'HOTEL_EDIT', 'HOTEL_REQUEST_CREATION', 'HOTEL_VIEW', 'WORLD_REGION_CREATE', 'WORLD_REGION_DELETE', 'WORLD_REGION_EDIT', 'WORLD_REGION_VIEW')) )"; SQL statement:
insert into permissions (name,id) values (?,default) [23505-224]] [insert into permissions (name,id) values (?,default)]; SQL [insert into permissions (name,id) values (?,default)]; constraint [PUBLIC.UKPNVTWLIIS6P05PN6I3NDJRQT2_INDEX_C]
[2024-11-21T00:08:18.715592700] Exception in method UserPermissionSeederImpl.seed() with parameters []: could not execute statement [Unique index or primary key violation: "PUBLIC.UKPNVTWLIIS6P05PN6I3NDJRQT2_INDEX_C ON PUBLIC.PERMISSIONS(NAME NULLS FIRST) VALUES ( /* 1 */ CAST('COUNTRY_CREATE' AS ENUM('CITY_CREATE', 'CITY_DELETE', 'CITY_EDIT', 'CITY_VIEW', 'CITY_VIEW_PUBLIC', 'COUNTRY_CREATE', 'COUNTRY_DELETE', 'COUNTRY_EDIT', 'COUNTRY_VIEW', 'HOTEL_CREATE', 'HOTEL_DELETE', 'HOTEL_EDIT', 'HOTEL_REQUEST_CREATION', 'HOTEL_VIEW', 'WORLD_REGION_CREATE', 'WORLD_REGION_DELETE', 'WORLD_REGION_EDIT', 'WORLD_REGION_VIEW')) )"; SQL statement:
insert into permissions (name,id) values (?,default) [23505-224]] [insert into permissions (name,id) values (?,default)]; SQL [insert into permissions (name,id) values (?,default)]; constraint [PUBLIC.UKPNVTWLIIS6P05PN6I3NDJRQT2_INDEX_C]
[2024-11-21T00:08:18.826590900] Exception in method AuthServiceImpl.register(..) with parameters [UserRegisterRequestDto(name=Admin, email=admin@gmail.com, password=adminadmin), ]: User with given email is already registered
[2024-11-21T00:08:18.868592900] Exception in method UserServiceImpl.addPermission(..) with parameters [admin@gmail.com, COUNTRY_CREATE, ]: failed to lazily initialize a collection of role: org.ukma.spring.crooodle.entities.UserPermissionEntity.users: could not initialize proxy - no Session
[2024-11-21T00:09:19.221906100] Exception in method UserServiceImpl.addPermission(..) with parameters [admin@gmail.com, COUNTRY_CREATE, ]: failed to lazily initialize a collection of role: org.ukma.spring.crooodle.entities.UserPermissionEntity.users: could not initialize proxy - no Session
[2024-11-21T00:09:54.214015700] Exception in method UserPermissionSeederImpl.seed() with parameters []: could not execute statement [Unique index or primary key violation: "PUBLIC.UKPNVTWLIIS6P05PN6I3NDJRQT2_INDEX_C ON PUBLIC.PERMISSIONS(NAME NULLS FIRST) VALUES ( /* 1 */ CAST('COUNTRY_CREATE' AS ENUM('CITY_CREATE', 'CITY_DELETE', 'CITY_EDIT', 'CITY_VIEW', 'CITY_VIEW_PUBLIC', 'COUNTRY_CREATE', 'COUNTRY_DELETE', 'COUNTRY_EDIT', 'COUNTRY_VIEW', 'HOTEL_CREATE', 'HOTEL_DELETE', 'HOTEL_EDIT', 'HOTEL_REQUEST_CREATION', 'HOTEL_VIEW', 'WORLD_REGION_CREATE', 'WORLD_REGION_DELETE', 'WORLD_REGION_EDIT', 'WORLD_REGION_VIEW')) )"; SQL statement:
insert into permissions (name,id) values (?,default) [23505-224]] [insert into permissions (name,id) values (?,default)]; SQL [insert into permissions (name,id) values (?,default)]; constraint [PUBLIC.UKPNVTWLIIS6P05PN6I3NDJRQT2_INDEX_C]
[2024-11-21T00:09:54.315957700] Exception in method AuthServiceImpl.register(..) with parameters [UserRegisterRequestDto(name=Admin, email=admin@gmail.com, password=adminadmin), ]: User with given email is already registered
[2024-11-21T00:09:54.349961100] Exception in method UserServiceImpl.addPermission(..) with parameters [admin@gmail.com, COUNTRY_CREATE, ]: failed to lazily initialize a collection of role: org.ukma.spring.crooodle.entities.UserPermissionEntity.users: could not initialize proxy - no Session
[2024-11-21T00:10:41.117343800] Exception in method UserServiceImpl.addPermission(..) with parameters [admin@gmail.com, COUNTRY_CREATE, ]: failed to lazily initialize a collection of role: org.ukma.spring.crooodle.entities.UserPermissionEntity.users: could not initialize proxy - no Session
[2024-11-21T00:11:50.048444400] Exception in method UserPermissionSeederImpl.seed() with parameters []: could not execute statement [Unique index or primary key violation: "PUBLIC.UKPNVTWLIIS6P05PN6I3NDJRQT2_INDEX_C ON PUBLIC.PERMISSIONS(NAME NULLS FIRST) VALUES ( /* 1 */ CAST('COUNTRY_CREATE' AS ENUM('CITY_CREATE', 'CITY_DELETE', 'CITY_EDIT', 'CITY_VIEW', 'COUNTRY_CREATE', 'COUNTRY_DELETE', 'COUNTRY_EDIT', 'COUNTRY_VIEW', 'HOTEL_CREATE', 'HOTEL_DELETE', 'HOTEL_EDIT', 'HOTEL_REQUEST_CREATION', 'HOTEL_VIEW', 'WORLD_REGION_CREATE', 'WORLD_REGION_DELETE', 'WORLD_REGION_EDIT', 'WORLD_REGION_VIEW')) )"; SQL statement:
insert into permissions (name,id) values (?,default) [23505-224]] [insert into permissions (name,id) values (?,default)]; SQL [insert into permissions (name,id) values (?,default)]; constraint [PUBLIC.UKPNVTWLIIS6P05PN6I3NDJRQT2_INDEX_C]
[2024-11-21T00:11:50.153412200] Exception in method AuthServiceImpl.register(..) with parameters [UserRegisterRequestDto(name=Admin, email=admin@gmail.com, password=adminadmin), ]: User with given email is already registered
[2024-11-21T00:11:50.180997] Exception in method UserServiceImpl.addPermission(..) with parameters [admin@gmail.com, COUNTRY_CREATE, ]: failed to lazily initialize a collection of role: org.ukma.spring.crooodle.entities.UserPermissionEntity.users: could not initialize proxy - no Session
[2024-11-21T00:12:10.595119100] Exception in method UserPermissionSeederImpl.seed() with parameters []: could not execute statement [Unique index or primary key violation: "PUBLIC.UKPNVTWLIIS6P05PN6I3NDJRQT2_INDEX_C ON PUBLIC.PERMISSIONS(NAME NULLS FIRST) VALUES ( /* 1 */ CAST('COUNTRY_CREATE' AS ENUM('CITY_CREATE', 'CITY_DELETE', 'CITY_EDIT', 'CITY_VIEW', 'COUNTRY_CREATE', 'COUNTRY_DELETE', 'COUNTRY_EDIT', 'COUNTRY_VIEW', 'HOTEL_CREATE', 'HOTEL_DELETE', 'HOTEL_EDIT', 'HOTEL_REQUEST_CREATION', 'HOTEL_VIEW', 'WORLD_REGION_CREATE', 'WORLD_REGION_DELETE', 'WORLD_REGION_EDIT', 'WORLD_REGION_VIEW')) )"; SQL statement:
insert into permissions (name,id) values (?,default) [23505-224]] [insert into permissions (name,id) values (?,default)]; SQL [insert into permissions (name,id) values (?,default)]; constraint [PUBLIC.UKPNVTWLIIS6P05PN6I3NDJRQT2_INDEX_C]
[2024-11-21T00:12:10.702117700] Exception in method AuthServiceImpl.register(..) with parameters [UserRegisterRequestDto(name=Admin, email=admin@gmail.com, password=adminadmin), ]: User with given email is already registered
[2024-11-21T00:12:10.734719] Exception in method UserServiceImpl.addPermission(..) with parameters [admin@gmail.com, COUNTRY_CREATE, ]: failed to lazily initialize a collection of role: org.ukma.spring.crooodle.entities.UserPermissionEntity.users: could not initialize proxy - no Session
[2024-11-21T09:46:38.125069900] Exception in method UserPermissionSeederImpl.seed() with parameters []: could not execute statement [Unique index or primary key violation: "PUBLIC.UKPNVTWLIIS6P05PN6I3NDJRQT2_INDEX_C ON PUBLIC.PERMISSIONS(NAME NULLS FIRST) VALUES ( /* 1 */ CAST('COUNTRY_CREATE' AS ENUM('CITY_CREATE', 'CITY_DELETE', 'CITY_EDIT', 'CITY_VIEW', 'COUNTRY_CREATE', 'COUNTRY_DELETE', 'COUNTRY_EDIT', 'COUNTRY_VIEW', 'HOTEL_CREATE', 'HOTEL_DELETE', 'HOTEL_EDIT', 'HOTEL_REQUEST_CREATION', 'HOTEL_VIEW', 'WORLD_REGION_CREATE', 'WORLD_REGION_DELETE', 'WORLD_REGION_EDIT', 'WORLD_REGION_VIEW')) )"; SQL statement:
insert into permissions (name,id) values (?,default) [23505-224]] [insert into permissions (name,id) values (?,default)]; SQL [insert into permissions (name,id) values (?,default)]; constraint [PUBLIC.UKPNVTWLIIS6P05PN6I3NDJRQT2_INDEX_C]
[2024-11-21T09:46:38.277620900] Exception in method AuthServiceImpl.register(..) with parameters [UserRegisterRequestDto(name=Admin, email=admin@gmail.com, password=adminadmin), ]: User with given email is already registered
[2024-11-21T09:47:01.621758200] Exception in method UserPermissionSeederImpl.seed() with parameters []: could not execute statement [Unique index or primary key violation: "PUBLIC.UKPNVTWLIIS6P05PN6I3NDJRQT2_INDEX_C ON PUBLIC.PERMISSIONS(NAME NULLS FIRST) VALUES ( /* 1 */ CAST('COUNTRY_CREATE' AS ENUM('CITY_CREATE', 'CITY_DELETE', 'CITY_EDIT', 'CITY_VIEW', 'COUNTRY_CREATE', 'COUNTRY_DELETE', 'COUNTRY_EDIT', 'COUNTRY_VIEW', 'HOTEL_CREATE', 'HOTEL_DELETE', 'HOTEL_EDIT', 'HOTEL_REQUEST_CREATION', 'HOTEL_VIEW', 'WORLD_REGION_CREATE', 'WORLD_REGION_DELETE', 'WORLD_REGION_EDIT', 'WORLD_REGION_VIEW')) )"; SQL statement:
insert into permissions (name,id) values (?,default) [23505-224]] [insert into permissions (name,id) values (?,default)]; SQL [insert into permissions (name,id) values (?,default)]; constraint [PUBLIC.UKPNVTWLIIS6P05PN6I3NDJRQT2_INDEX_C]
[2024-11-21T09:47:01.755364400] Exception in method AuthServiceImpl.register(..) with parameters [UserRegisterRequestDto(name=Admin, email=admin@gmail.com, password=adminadmin), ]: User with given email is already registered
[2024-11-21T09:47:01.828316900] Exception in method UserServiceImpl.addPermission(..) with parameters [admin@gmail.com, COUNTRY_CREATE, ]: java.lang.StackOverflowError
[2024-11-21T09:51:36.294202900] Exception in method JwtServiceImpl.extractUserName(..) with parameters [eyJhbGciOiJIUzI1NiJ9.eyJzdWIiOiJhZG1pbkBnbWFpbC5jb20iLCJpYXQiOjE3MzIxMzg2NjcsImV4cCI6MTczMjE0MjI2N30.5KCPrf_3MoKhJBvl2uCKeX48w6QeuturkgrO2KTLqMo, ]: JWT expired at 2024-11-20T22:37:47Z. Current time: 2024-11-21T07:51:36Z, a difference of 33229294 milliseconds.  Allowed clock skew: 0 milliseconds.
[2024-11-21T09:51:59.634543900] Exception in method JwtServiceImpl.extractUserName(..) with parameters [eyJhbGciOiJIUzI1NiJ9.eyJzdWIiOiJhZG1pbkBnbWFpbC5jb20iLCJpYXQiOjE3MzIxMzg2NjcsImV4cCI6MTczMjE0MjI2N30.5KCPrf_3MoKhJBvl2uCKeX48w6QeuturkgrO2KTLqMo, ]: JWT expired at 2024-11-20T22:37:47Z. Current time: 2024-11-21T07:51:59Z, a difference of 33252633 milliseconds.  Allowed clock skew: 0 milliseconds.
[2024-11-21T09:56:33.137925300] Exception in method UserPermissionSeederImpl.seed() with parameters []: could not execute statement [Unique index or primary key violation: "PUBLIC.UKPNVTWLIIS6P05PN6I3NDJRQT2_INDEX_C ON PUBLIC.PERMISSIONS(NAME NULLS FIRST) VALUES ( /* 1 */ CAST('COUNTRY_CREATE' AS ENUM('CITY_CREATE', 'CITY_DELETE', 'CITY_EDIT', 'CITY_VIEW', 'COUNTRY_CREATE', 'COUNTRY_DELETE', 'COUNTRY_EDIT', 'COUNTRY_VIEW', 'HOTEL_CREATE', 'HOTEL_DELETE', 'HOTEL_EDIT', 'HOTEL_REQUEST_CREATION', 'HOTEL_VIEW', 'WORLD_REGION_CREATE', 'WORLD_REGION_DELETE', 'WORLD_REGION_EDIT', 'WORLD_REGION_VIEW')) )"; SQL statement:
insert into permissions (name,id) values (?,default) [23505-224]] [insert into permissions (name,id) values (?,default)]; SQL [insert into permissions (name,id) values (?,default)]; constraint [PUBLIC.UKPNVTWLIIS6P05PN6I3NDJRQT2_INDEX_C]
[2024-11-21T09:56:33.255916600] Exception in method AuthServiceImpl.register(..) with parameters [UserRegisterRequestDto(name=Admin, email=admin@gmail.com, password=adminadmin), ]: User with given email is already registered
[2024-11-21T09:56:33.332922500] Exception in method UserServiceImpl.addPermission(..) with parameters [admin@gmail.com, COUNTRY_CREATE, ]: java.lang.StackOverflowError
[2024-11-21T09:57:37.159669100] Exception in method UserPermissionSeederImpl.seed() with parameters []: could not execute statement [Unique index or primary key violation: "PUBLIC.UKPNVTWLIIS6P05PN6I3NDJRQT2_INDEX_C ON PUBLIC.PERMISSIONS(NAME NULLS FIRST) VALUES ( /* 1 */ CAST('COUNTRY_CREATE' AS ENUM('CITY_CREATE', 'CITY_DELETE', 'CITY_EDIT', 'CITY_VIEW', 'COUNTRY_CREATE', 'COUNTRY_DELETE', 'COUNTRY_EDIT', 'COUNTRY_VIEW', 'HOTEL_CREATE', 'HOTEL_DELETE', 'HOTEL_EDIT', 'HOTEL_REQUEST_CREATION', 'HOTEL_VIEW', 'WORLD_REGION_CREATE', 'WORLD_REGION_DELETE', 'WORLD_REGION_EDIT', 'WORLD_REGION_VIEW')) )"; SQL statement:
insert into permissions (name,id) values (?,default) [23505-224]] [insert into permissions (name,id) values (?,default)]; SQL [insert into permissions (name,id) values (?,default)]; constraint [PUBLIC.UKPNVTWLIIS6P05PN6I3NDJRQT2_INDEX_C]
[2024-11-21T09:57:37.283671200] Exception in method AuthServiceImpl.register(..) with parameters [UserRegisterRequestDto(name=Admin, email=admin@gmail.com, password=adminadmin), ]: User with given email is already registered
[2024-11-21T09:57:37.360677] Exception in method UserServiceImpl.addPermission(..) with parameters [admin@gmail.com, COUNTRY_CREATE, ]: java.lang.StackOverflowError
[2024-11-21T10:07:06.339264800] Exception in method UserPermissionSeederImpl.seed() with parameters []: could not execute statement [Unique index or primary key violation: "PUBLIC.UKPNVTWLIIS6P05PN6I3NDJRQT2_INDEX_C ON PUBLIC.PERMISSIONS(NAME NULLS FIRST) VALUES ( /* 1 */ CAST('COUNTRY_CREATE' AS ENUM('CITY_CREATE', 'CITY_DELETE', 'CITY_EDIT', 'CITY_VIEW', 'COUNTRY_CREATE', 'COUNTRY_DELETE', 'COUNTRY_EDIT', 'COUNTRY_VIEW', 'HOTEL_CREATE', 'HOTEL_DELETE', 'HOTEL_EDIT', 'HOTEL_REQUEST_CREATION', 'HOTEL_VIEW', 'WORLD_REGION_CREATE', 'WORLD_REGION_DELETE', 'WORLD_REGION_EDIT', 'WORLD_REGION_VIEW')) )"; SQL statement:
insert into permissions (name,id) values (?,default) [23505-224]] [insert into permissions (name,id) values (?,default)]; SQL [insert into permissions (name,id) values (?,default)]; constraint [PUBLIC.UKPNVTWLIIS6P05PN6I3NDJRQT2_INDEX_C]
[2024-11-21T10:07:06.482269800] Exception in method AuthServiceImpl.register(..) with parameters [UserRegisterRequestDto(name=Admin, email=admin@gmail.com, password=adminadmin), ]: User with given email is already registered
[2024-11-21T10:07:43.534745400] Exception in method UserServiceImpl.addPermission(..) with parameters [admin@gmail.com, COUNTRY_CREATE, ]: could not prepare statement [Database is already closed (to disable automatic closing at VM shutdown, add ";DB_CLOSE_ON_EXIT=FALSE" to the db URL) [90121-224]] [select upe1_0.id,upe1_0.name from permissions upe1_0 where upe1_0.name=?]
[2024-11-21T10:08:53.779295900] Exception in method UserPermissionSeederImpl.seed() with parameters []: could not execute statement [Unique index or primary key violation: "PUBLIC.UKPNVTWLIIS6P05PN6I3NDJRQT2_INDEX_C ON PUBLIC.PERMISSIONS(NAME NULLS FIRST) VALUES ( /* 1 */ CAST('COUNTRY_CREATE' AS ENUM('CITY_CREATE', 'CITY_DELETE', 'CITY_EDIT', 'CITY_VIEW', 'COUNTRY_CREATE', 'COUNTRY_DELETE', 'COUNTRY_EDIT', 'COUNTRY_VIEW', 'HOTEL_CREATE', 'HOTEL_DELETE', 'HOTEL_EDIT', 'HOTEL_REQUEST_CREATION', 'HOTEL_VIEW', 'WORLD_REGION_CREATE', 'WORLD_REGION_DELETE', 'WORLD_REGION_EDIT', 'WORLD_REGION_VIEW')) )"; SQL statement:
insert into permissions (name,id) values (?,default) [23505-224]] [insert into permissions (name,id) values (?,default)]; SQL [insert into permissions (name,id) values (?,default)]; constraint [PUBLIC.UKPNVTWLIIS6P05PN6I3NDJRQT2_INDEX_C]
[2024-11-21T10:08:53.904782300] Exception in method AuthServiceImpl.register(..) with parameters [UserRegisterRequestDto(name=Admin, email=admin@gmail.com, password=adminadmin), ]: User with given email is already registered
[2024-11-21T10:08:54.034782400] Exception in method UserServiceImpl.addPermission(..) with parameters [admin@gmail.com, COUNTRY_CREATE, ]: java.lang.StackOverflowError
[2024-11-21T10:09:59.959224] Exception in method UserPermissionSeederImpl.seed() with parameters []: could not execute statement [Unique index or primary key violation: "PUBLIC.UKPNVTWLIIS6P05PN6I3NDJRQT2_INDEX_C ON PUBLIC.PERMISSIONS(NAME NULLS FIRST) VALUES ( /* 1 */ CAST('COUNTRY_CREATE' AS ENUM('CITY_CREATE', 'CITY_DELETE', 'CITY_EDIT', 'CITY_VIEW', 'COUNTRY_CREATE', 'COUNTRY_DELETE', 'COUNTRY_EDIT', 'COUNTRY_VIEW', 'HOTEL_CREATE', 'HOTEL_DELETE', 'HOTEL_EDIT', 'HOTEL_REQUEST_CREATION', 'HOTEL_VIEW', 'WORLD_REGION_CREATE', 'WORLD_REGION_DELETE', 'WORLD_REGION_EDIT', 'WORLD_REGION_VIEW')) )"; SQL statement:
insert into permissions (name,id) values (?,default) [23505-224]] [insert into permissions (name,id) values (?,default)]; SQL [insert into permissions (name,id) values (?,default)]; constraint [PUBLIC.UKPNVTWLIIS6P05PN6I3NDJRQT2_INDEX_C]
[2024-11-21T10:10:00.070227600] Exception in method AuthServiceImpl.register(..) with parameters [UserRegisterRequestDto(name=Admin, email=admin@gmail.com, password=adminadmin), ]: User with given email is already registered
[2024-11-21T10:10:00.193223500] Exception in method UserServiceImpl.addPermission(..) with parameters [admin@gmail.com, COUNTRY_CREATE, ]: java.lang.StackOverflowError
[2024-11-21T10:10:32.905968600] Exception in method UserPermissionSeederImpl.seed() with parameters []: could not execute statement [Unique index or primary key violation: "PUBLIC.UKPNVTWLIIS6P05PN6I3NDJRQT2_INDEX_C ON PUBLIC.PERMISSIONS(NAME NULLS FIRST) VALUES ( /* 1 */ CAST('COUNTRY_CREATE' AS ENUM('CITY_CREATE', 'CITY_DELETE', 'CITY_EDIT', 'CITY_VIEW', 'COUNTRY_CREATE', 'COUNTRY_DELETE', 'COUNTRY_EDIT', 'COUNTRY_VIEW', 'HOTEL_CREATE', 'HOTEL_DELETE', 'HOTEL_EDIT', 'HOTEL_REQUEST_CREATION', 'HOTEL_VIEW', 'WORLD_REGION_CREATE', 'WORLD_REGION_DELETE', 'WORLD_REGION_EDIT', 'WORLD_REGION_VIEW')) )"; SQL statement:
insert into permissions (name,id) values (?,default) [23505-224]] [insert into permissions (name,id) values (?,default)]; SQL [insert into permissions (name,id) values (?,default)]; constraint [PUBLIC.UKPNVTWLIIS6P05PN6I3NDJRQT2_INDEX_C]
[2024-11-21T10:10:33.098123900] Exception in method AuthServiceImpl.register(..) with parameters [UserRegisterRequestDto(name=Admin, email=admin@gmail.com, password=adminadmin), ]: User with given email is already registered
[2024-11-21T10:10:33.235443600] Exception in method UserServiceImpl.addPermission(..) with parameters [admin@gmail.com, COUNTRY_CREATE, ]: java.lang.StackOverflowError
[2024-11-21T10:16:39.197596600] Exception in method UserPermissionSeederImpl.seed() with parameters []: could not execute statement [Unique index or primary key violation: "PUBLIC.UKPNVTWLIIS6P05PN6I3NDJRQT2_INDEX_C ON PUBLIC.PERMISSIONS(NAME NULLS FIRST) VALUES ( /* 1 */ CAST('COUNTRY_CREATE' AS ENUM('CITY_CREATE', 'CITY_DELETE', 'CITY_EDIT', 'CITY_VIEW', 'COUNTRY_CREATE', 'COUNTRY_DELETE', 'COUNTRY_EDIT', 'COUNTRY_VIEW', 'HOTEL_CREATE', 'HOTEL_DELETE', 'HOTEL_EDIT', 'HOTEL_REQUEST_CREATION', 'HOTEL_VIEW', 'WORLD_REGION_CREATE', 'WORLD_REGION_DELETE', 'WORLD_REGION_EDIT', 'WORLD_REGION_VIEW')) )"; SQL statement:
insert into permissions (name,id) values (?,default) [23505-224]] [insert into permissions (name,id) values (?,default)]; SQL [insert into permissions (name,id) values (?,default)]; constraint [PUBLIC.UKPNVTWLIIS6P05PN6I3NDJRQT2_INDEX_C]
[2024-11-21T10:16:39.318624300] Exception in method AuthServiceImpl.register(..) with parameters [UserRegisterRequestDto(name=Admin, email=admin@gmail.com, password=adminadmin), ]: User with given email is already registered
[2024-11-21T10:20:27.309430] Exception in method UserPermissionSeederImpl.seed() with parameters []: could not execute statement [Unique index or primary key violation: "PUBLIC.UKPNVTWLIIS6P05PN6I3NDJRQT2_INDEX_C ON PUBLIC.PERMISSIONS(NAME NULLS FIRST) VALUES ( /* 1 */ CAST('COUNTRY_CREATE' AS ENUM('CITY_CREATE', 'CITY_DELETE', 'CITY_EDIT', 'CITY_VIEW', 'COUNTRY_CREATE', 'COUNTRY_DELETE', 'COUNTRY_EDIT', 'COUNTRY_VIEW', 'HOTEL_CREATE', 'HOTEL_DELETE', 'HOTEL_EDIT', 'HOTEL_REQUEST_CREATION', 'HOTEL_VIEW', 'WORLD_REGION_CREATE', 'WORLD_REGION_DELETE', 'WORLD_REGION_EDIT', 'WORLD_REGION_VIEW')) )"; SQL statement:
insert into permissions (name,id) values (?,default) [23505-224]] [insert into permissions (name,id) values (?,default)]; SQL [insert into permissions (name,id) values (?,default)]; constraint [PUBLIC.UKPNVTWLIIS6P05PN6I3NDJRQT2_INDEX_C]
[2024-11-21T10:20:27.414428400] Exception in method AuthServiceImpl.register(..) with parameters [UserRegisterRequestDto(name=Admin, email=admin@gmail.com, password=adminadmin), ]: User with given email is already registered
[2024-11-21T10:21:11.977494700] Exception in method CountryServiceImpl.get(..) with parameters [2, ]: null
[2024-11-21T10:21:18.324889] Exception in method CountryServiceImpl.get(..) with parameters [6, ]: null
